 
****************************************
Report : timing
        -path full
        -delay max
        -max_paths 1
Design : enigma_part2
Version: R-2020.09-SP5
Date   : Thu Nov  4 19:30:27 2021
****************************************

Operating Conditions: ss0p95v125c   Library: saed32hvt_ss0p95v125c
Wire Load Model Mode: enclosed

  Startpoint: load (input port clocked by clk)
  Endpoint: clk_gate_rotorC_table_reg_25_/latch
            (positive level-sensitive latch clocked by clk')
  Path Group: clk
  Path Type: max

  Des/Clust/Port     Wire Load Model       Library
  ------------------------------------------------
  enigma_part2       35000                 saed32hvt_ss0p95v125c

  Point                                                   Incr       Path
  --------------------------------------------------------------------------
  clock clk (rise edge)                                 0.0000     0.0000
  clock network delay (ideal)                           0.0000     0.0000
  input external delay                                  0.9700     0.9700 f
  load (in)                                             0.0000     0.9700 f
  U5889/Y (NAND3X2_HVT)                                 0.1116     1.0816 r
  U5031/Y (INVX2_HVT)                                   0.0462     1.1278 f
  U5323/Y (OR2X1_HVT)                                   0.1308     1.2586 f
  U5331/Y (INVX4_HVT)                                   0.0497     1.3083 r
  U7855/Y (INVX1_HVT)                                   0.0800     1.3883 f
  clk_gate_rotorC_table_reg_25_/EN (SNPS_CLOCK_GATE_HIGH_enigma_part2_mydesign_65)
                                                        0.0000     1.3883 f
  clk_gate_rotorC_table_reg_25_/latch/D (LATCHX1_HVT)   0.0000     1.3883 f
  data arrival time                                                1.3883

  clock clk' (rise edge)                                0.9700     0.9700
  clock network delay (ideal)                           0.0000     0.9700
  clk_gate_rotorC_table_reg_25_/latch/CLK (LATCHX1_HVT)
                                                        0.0000     0.9700 r
  time borrowed from endpoint                           0.4183     1.3883
  data required time                                               1.3883
  --------------------------------------------------------------------------
  data required time                                               1.3883
  data arrival time                                               -1.3883
  --------------------------------------------------------------------------
  slack (MET)                                                      0.0000

  Time Borrowing Information
  --------------------------------------------------------------
  clk' nominal pulse width                              0.9700   
  library setup time                                   -0.1044   
  --------------------------------------------------------------
  max time borrow                                       0.8656   
  actual time borrow                                    0.4183   
  --------------------------------------------------------------


1
