
################################################################################
#
# This file has been generated by SpyGlass:
#     Report Name      : moresimple
#     Report Created by: u107061272
#     Report Created on:  Tue Oct 26 21:52:47 2021
#     Working Directory: /home/u107/u107061272/ICLAB/EE4292_HW2/part1/hdl
#     SpyGlass Version : SpyGlass_vR-2020.12-SP2
#     Policy Name      : SpyGlass(SpyGlass_vR-2020.12-SP2)
#                        clock-reset(SpyGlass_vR-2020.12-SP2)
#                        erc(SpyGlass_vR-2020.12-SP2)
#                        latch(SpyGlass_vR-2020.12-SP2)
#                        lint(SpyGlass_vR-2020.12-SP2)
#                        morelint(SpyGlass_vR-2020.12-SP2)
#                        openmore(SpyGlass_vR-2020.12-SP2)
#                        power_est(SpyGlass_vR-2020.12-SP2)
#                        simulation(SpyGlass_vR-2020.12-SP2)
#                        starc(SpyGlass_vR-2020.12-SP2)
#                        starc2005(SpyGlass_vR-2020.12-SP2)
#                        txv(SpyGlass_vR-2020.12-SP2)
#
#     Total Number of Generated Messages :          7
#     Number of Waived Messages          :          0
#     Number of Reported Messages        :          7
#     Number of Overlimit Messages       :          0
#
#
################################################################################

+++++++++++++++++++++++++++++++++++++++++++++++++++++++++++++++++++++++
MORESIMPLE REPORT:


############### BuiltIn -> RuleGroup=Design Read ###############
+++++++++++++++++++++++++++++++++++++++++++++++++++++++++++++++++++++++++++++++++++++++
ID       Rule                    Alias                   Severity    File                                                                     Line    Wt    Message
======================================================================================
[1]      DetectTopDesignUnits    DetectTopDesignUnits    Info        enigma_part1.v                                                           1       2     Module enigma_part1 is a top level design unit
[0]      ElabSummary             ElabSummary             Info        ./spyglass-1/lint/lint_rtl/spyglass_reports/SpyGlass/elab_summary.rpt    0       2     Please refer file './spyglass-1/lint/lint_rtl/spyglass_reports/SpyGlass/elab_summary.rpt' for elab summary report
+++++++++++++++++++++++++++++++++++++++++++++++++++++++++++++++++++++++++++++++++++++++


############### Non-BuiltIn -> Goal=lint/lint_rtl ###############
+++++++++++++++++++++++++++++++++++++++++++++++++++++++++++++++++++++++++++++++++++++++
ID       Rule    Alias    Severity    File                                                                      Line    Wt    Message
======================================================================================
[4]      W240             Warning     enigma_part1.v                                                            12      10    Input 'crypt_mode' declared but not read.[Hierarchy: ':enigma_part1']
[6]      W240             Warning     enigma_part1.v                                                            13      10    Input 'load_idx[7:0]' declared but not read.[Hierarchy: ':enigma_part1']
[2]      W263             Warning     enigma_part1.v                                                            41      5     Case label (IDLE) width (1) does not match selector (state) width (2).[Hierarchy: ':enigma_part1']
[3]      W263             Warning     enigma_part1.v                                                            47      5     Case label (LOAD) width (1) does not match selector (state) width (2).[Hierarchy: ':enigma_part1']
[5]      W240             Info        ./spyglass-1/lint/lint_rtl/spyglass_reports/lint/SignalUsageReport.rpt    0       10    Please refer to 'SignalUsageReport.rpt' for details of violating bits
+++++++++++++++++++++++++++++++++++++++++++++++++++++++++++++++++++++++++++++++++++++++

################################################################################
#
# This file has been generated by SpyGlass:
#     Report Name      : moresimple
#     Report Created by: u107061272
#     Report Created on:  Tue Oct 26 21:52:55 2021
#     Working Directory: /home/u107/u107061272/ICLAB/EE4292_HW2/part1/hdl
#     SpyGlass Version : SpyGlass_vR-2020.12-SP2
#     Policy Name      : SpyGlass(SpyGlass_vR-2020.12-SP2)
#                        auto-verify(SpyGlass_vR-2020.12-SP2)
#                        erc(SpyGlass_vR-2020.12-SP2)
#                        latch(SpyGlass_vR-2020.12-SP2)
#                        lint(SpyGlass_vR-2020.12-SP2)
#                        morelint(SpyGlass_vR-2020.12-SP2)
#                        openmore(SpyGlass_vR-2020.12-SP2)
#                        simulation(SpyGlass_vR-2020.12-SP2)
#                        starc(SpyGlass_vR-2020.12-SP2)
#                        starc2005(SpyGlass_vR-2020.12-SP2)
#
#     Total Number of Generated Messages :          8
#     Number of Waived Messages          :          0
#     Number of Reported Messages        :          8
#     Number of Overlimit Messages       :          0
#
#
################################################################################

+++++++++++++++++++++++++++++++++++++++++++++++++++++++++++++++++++++++
MORESIMPLE REPORT:


############### BuiltIn -> RuleGroup=Command-line read ###############
+++++++++++++++++++++++++++++++++++++++++++++++++++++++++++++++++++++++++++++++++++++++
ID       Rule                     Alias          Severity    File    Line    Wt    Message
======================================================================================
[0]      checkCMD_unset_option    UnsetOption    Warning     N.A.    0       10    Option/Parameter 'enable_save_restore': Feature 'save-restore' is not supported with option 'policy=auto-verify'.Disabling all 'save-restore' related options
+++++++++++++++++++++++++++++++++++++++++++++++++++++++++++++++++++++++++++++++++++++++


############### BuiltIn -> RuleGroup=Design Read ###############
+++++++++++++++++++++++++++++++++++++++++++++++++++++++++++++++++++++++++++++++++++++++
ID       Rule                    Alias                   Severity    File                                                                           Line    Wt    Message
======================================================================================
[2]      DetectTopDesignUnits    DetectTopDesignUnits    Info        enigma_part1.v                                                                 1       2     Module enigma_part1 is a top level design unit
[1]      ElabSummary             ElabSummary             Info        ./spyglass-1/lint/lint_turbo_rtl/spyglass_reports/SpyGlass/elab_summary.rpt    0       2     Please refer file './spyglass-1/lint/lint_turbo_rtl/spyglass_reports/SpyGlass/elab_summary.rpt' for elab summary report
+++++++++++++++++++++++++++++++++++++++++++++++++++++++++++++++++++++++++++++++++++++++


############### Non-BuiltIn -> Goal=lint/lint_turbo_rtl ###############
+++++++++++++++++++++++++++++++++++++++++++++++++++++++++++++++++++++++++++++++++++++++
ID       Rule    Alias    Severity    File                                                                            Line    Wt    Message
======================================================================================
[5]      W240             Warning     enigma_part1.v                                                                  12      10    Input 'crypt_mode' declared but not read.[Hierarchy: ':enigma_part1']
[7]      W240             Warning     enigma_part1.v                                                                  13      10    Input 'load_idx[7:0]' declared but not read.[Hierarchy: ':enigma_part1']
[3]      W263             Warning     enigma_part1.v                                                                  41      5     Case label (IDLE) width (1) does not match selector (state) width (2).[Hierarchy: ':enigma_part1']
[4]      W263             Warning     enigma_part1.v                                                                  47      5     Case label (LOAD) width (1) does not match selector (state) width (2).[Hierarchy: ':enigma_part1']
[6]      W240             Info        ./spyglass-1/lint/lint_turbo_rtl/spyglass_reports/lint/SignalUsageReport.rpt    0       10    Please refer to 'SignalUsageReport.rpt' for details of violating bits
+++++++++++++++++++++++++++++++++++++++++++++++++++++++++++++++++++++++++++++++++++++++

################################################################################
#
# This file has been generated by SpyGlass:
#     Report Name      : moresimple
#     Report Created by: u107061272
#     Report Created on:  Tue Oct 26 21:53:00 2021
#     Working Directory: /home/u107/u107061272/ICLAB/EE4292_HW2/part1/hdl
#     SpyGlass Version : SpyGlass_vR-2020.12-SP2
#     Policy Name      : SpyGlass(SpyGlass_vR-2020.12-SP2)
#                        auto-verify(SpyGlass_vR-2020.12-SP2)
#
#     Total Number of Generated Messages :          2
#     Number of Waived Messages          :          0
#     Number of Reported Messages        :          2
#     Number of Overlimit Messages       :          0
#
#
################################################################################

+++++++++++++++++++++++++++++++++++++++++++++++++++++++++++++++++++++++
MORESIMPLE REPORT:
############### FATAL MESSAGES ############### 
+++++++++++++++++++++++++++++++++++++++++++++++++++++++++++++++++++++++++++++++++
ID       Rule            Alias    Severity    File    Line    Wt    Message
======================================================================================
[1]      Av_license01             FATAL       N.A.    0       2     'Functional Lint' not run due to unavailability of lint_func license feature
+++++++++++++++++++++++++++++++++++++++++++++++++++++++++++++++++++++++++++++++++++++++


############### BuiltIn -> RuleGroup=Command-line read ###############
+++++++++++++++++++++++++++++++++++++++++++++++++++++++++++++++++++++++++++++++++++++++
ID       Rule                     Alias          Severity    File    Line    Wt    Message
======================================================================================
[0]      checkCMD_unset_option    UnsetOption    Warning     N.A.    0       10    Option/Parameter 'enable_save_restore': Feature 'save-restore' is not supported with option 'policy=auto-verify'.Disabling all 'save-restore' related options
+++++++++++++++++++++++++++++++++++++++++++++++++++++++++++++++++++++++++++++++++++++++

################################################################################
#
# This file has been generated by SpyGlass:
#     Report Name      : moresimple
#     Report Created by: u107061272
#     Report Created on:  Tue Oct 26 21:53:03 2021
#     Working Directory: /home/u107/u107061272/ICLAB/EE4292_HW2/part1/hdl
#     SpyGlass Version : SpyGlass_vR-2020.12-SP2
#     Policy Name      : SpyGlass(SpyGlass_vR-2020.12-SP2)
#                        auto-verify(SpyGlass_vR-2020.12-SP2)
#
#     Total Number of Generated Messages :          2
#     Number of Waived Messages          :          0
#     Number of Reported Messages        :          2
#     Number of Overlimit Messages       :          0
#
#
################################################################################

+++++++++++++++++++++++++++++++++++++++++++++++++++++++++++++++++++++++
MORESIMPLE REPORT:
############### FATAL MESSAGES ############### 
+++++++++++++++++++++++++++++++++++++++++++++++++++++++++++++++++++++++++++++++++
ID       Rule            Alias    Severity    File    Line    Wt    Message
======================================================================================
[1]      Av_license01             FATAL       N.A.    0       2     'Functional Lint' not run due to unavailability of lint_func license feature
+++++++++++++++++++++++++++++++++++++++++++++++++++++++++++++++++++++++++++++++++++++++


############### BuiltIn -> RuleGroup=Command-line read ###############
+++++++++++++++++++++++++++++++++++++++++++++++++++++++++++++++++++++++++++++++++++++++
ID       Rule                     Alias          Severity    File    Line    Wt    Message
======================================================================================
[0]      checkCMD_unset_option    UnsetOption    Warning     N.A.    0       10    Option/Parameter 'enable_save_restore': Feature 'save-restore' is not supported with option 'policy=auto-verify'.Disabling all 'save-restore' related options
+++++++++++++++++++++++++++++++++++++++++++++++++++++++++++++++++++++++++++++++++++++++
